<?xml version="1.0" encoding="UTF-8"?>
<!-- Generated by org.testng.reporters.JUnitXMLReporter -->
<testsuite hostname="DESKTOP-CP4RQU0" ignored="0" name="Test" tests="4" failures="0" timestamp="26 Jun 2019 12:35:34 GMT" time="117.232" errors="0">
  <testcase name="basePageNavigation" time="0.084" classname="Work.ValidateNavBar"/>
  <testcase name="basePageNavigation" time="0.035" classname="Work.ValidateTitle"/>
  <testcase name="basePageNavigation" time="18.567" classname="Work.HomePage"/>
  <testcase name="basePageNavigation" time="22.632" classname="Work.HomePage"/>
</testsuite> <!-- Test -->
