<?xml version="1.0" encoding="UTF-8"?>
<testng-results skipped="0" failed="1" ignored="0" total="6" passed="5">
  <reporter-output>
  </reporter-output>
  <suite name="Suite" duration-ms="231008" started-at="2019-08-15T11:30:53Z" finished-at="2019-08-15T11:34:44Z">
    <groups>
    </groups>
    <test name="Validating Navigation Bar" duration-ms="41736" started-at="2019-08-15T11:30:53Z" finished-at="2019-08-15T11:31:35Z">
      <class name="Work.ValidateNavBar">
        <test-method status="PASS" signature="initialize()[pri:0, instance:Work.ValidateNavBar@37858383]" name="initialize" is-config="true" duration-ms="40843" started-at="2019-08-15T11:30:53Z" finished-at="2019-08-15T11:31:34Z">
          <reporter-output>
          </reporter-output>
        </test-method> <!-- initialize -->
        <test-method status="PASS" signature="basePageNavigation()[pri:0, instance:Work.ValidateNavBar@37858383]" name="basePageNavigation" duration-ms="95" started-at="2019-08-15T11:31:34Z" finished-at="2019-08-15T11:31:34Z">
          <reporter-output>
          </reporter-output>
        </test-method> <!-- basePageNavigation -->
        <test-method status="PASS" signature="closeproj()[pri:0, instance:Work.ValidateNavBar@37858383]" name="closeproj" is-config="true" duration-ms="758" started-at="2019-08-15T11:31:34Z" finished-at="2019-08-15T11:31:35Z">
          <reporter-output>
          </reporter-output>
        </test-method> <!-- closeproj -->
      </class> <!-- Work.ValidateNavBar -->
    </test> <!-- Validating Navigation Bar -->
    <test name="Validating Page Title" duration-ms="38764" started-at="2019-08-15T11:31:35Z" finished-at="2019-08-15T11:32:14Z">
      <class name="Work.ValidateTitle">
        <test-method status="PASS" signature="initialize()[pri:0, instance:Work.ValidateTitle@73ee04c8]" name="initialize" is-config="true" duration-ms="38053" started-at="2019-08-15T11:31:35Z" finished-at="2019-08-15T11:32:13Z">
          <reporter-output>
          </reporter-output>
        </test-method> <!-- initialize -->
        <test-method status="PASS" signature="basePageNavigation()[pri:0, instance:Work.ValidateTitle@73ee04c8]" name="basePageNavigation" duration-ms="48" started-at="2019-08-15T11:32:13Z" finished-at="2019-08-15T11:32:13Z">
          <reporter-output>
          </reporter-output>
        </test-method> <!-- basePageNavigation -->
        <test-method status="PASS" signature="closeproj()[pri:0, instance:Work.ValidateTitle@73ee04c8]" name="closeproj" is-config="true" duration-ms="659" started-at="2019-08-15T11:32:13Z" finished-at="2019-08-15T11:32:14Z">
          <reporter-output>
          </reporter-output>
        </test-method> <!-- closeproj -->
      </class> <!-- Work.ValidateTitle -->
    </test> <!-- Validating Page Title -->
    <test name="Validating User Login" duration-ms="72177" started-at="2019-08-15T11:32:14Z" finished-at="2019-08-15T11:33:26Z">
      <class name="Work.HomePage">
        <test-method status="PASS" signature="initialize()[pri:0, instance:Work.HomePage@3e6ef8ad]" name="initialize" is-config="true" duration-ms="2247" started-at="2019-08-15T11:32:14Z" finished-at="2019-08-15T11:32:16Z">
          <reporter-output>
          </reporter-output>
        </test-method> <!-- initialize -->
        <test-method status="PASS" signature="basePageNavigation(java.lang.String, java.lang.String, java.lang.String)[pri:0, instance:Work.HomePage@3e6ef8ad]" name="basePageNavigation" duration-ms="46083" started-at="2019-08-15T11:32:16Z" data-provider="getData" finished-at="2019-08-15T11:33:02Z">
          <params>
            <param index="0">
              <value>
                <![CDATA[testing@adolmedia.com]]>
              </value>
            </param>
            <param index="1">
              <value>
                <![CDATA[Adol@175]]>
              </value>
            </param>
            <param index="2">
              <value>
                <![CDATA[testing in Adol]]>
              </value>
            </param>
          </params>
          <reporter-output>
          </reporter-output>
        </test-method> <!-- basePageNavigation -->
        <test-method status="PASS" signature="basePageNavigation(java.lang.String, java.lang.String, java.lang.String)[pri:0, instance:Work.HomePage@3e6ef8ad]" name="basePageNavigation" duration-ms="23168" started-at="2019-08-15T11:33:03Z" data-provider="getData" finished-at="2019-08-15T11:33:26Z">
          <params>
            <param index="0">
              <value>
                <![CDATA[azhar@adolmedia.com]]>
              </value>
            </param>
            <param index="1">
              <value>
                <![CDATA[Azharhot04@]]>
              </value>
            </param>
            <param index="2">
              <value>
                <![CDATA[azharin adol]]>
              </value>
            </param>
          </params>
          <reporter-output>
          </reporter-output>
        </test-method> <!-- basePageNavigation -->
        <test-method status="PASS" signature="closeproj()[pri:0, instance:Work.HomePage@3e6ef8ad]" name="closeproj" is-config="true" duration-ms="667" started-at="2019-08-15T11:33:26Z" finished-at="2019-08-15T11:33:26Z">
          <reporter-output>
          </reporter-output>
        </test-method> <!-- closeproj -->
      </class> <!-- Work.HomePage -->
    </test> <!-- Validating User Login -->
    <test name="Validating Invalid User Login" duration-ms="77661" started-at="2019-08-15T11:33:26Z" finished-at="2019-08-15T11:34:44Z">
      <class name="Work.FailedLogin">
        <test-method status="PASS" signature="initialize()[pri:0, instance:Work.FailedLogin@74455848]" name="initialize" is-config="true" duration-ms="2297" started-at="2019-08-15T11:33:26Z" finished-at="2019-08-15T11:33:29Z">
          <reporter-output>
          </reporter-output>
        </test-method> <!-- initialize -->
        <test-method status="PASS" signature="basePageNavigation(java.lang.String, java.lang.String, java.lang.String)[pri:0, instance:Work.FailedLogin@74455848]" name="basePageNavigation" duration-ms="48444" started-at="2019-08-15T11:33:29Z" data-provider="getData" finished-at="2019-08-15T11:34:17Z">
          <params>
            <param index="0">
              <value>
                <![CDATA[azhar@adolmedia.com]]>
              </value>
            </param>
            <param index="1">
              <value>
                <![CDATA[Azharhot04@]]>
              </value>
            </param>
            <param index="2">
              <value>
                <![CDATA[azharin adol]]>
              </value>
            </param>
          </params>
          <reporter-output>
          </reporter-output>
        </test-method> <!-- basePageNavigation -->
        <test-method status="FAIL" signature="basePageNavigation(java.lang.String, java.lang.String, java.lang.String)[pri:0, instance:Work.FailedLogin@74455848]" name="basePageNavigation" duration-ms="26188" started-at="2019-08-15T11:34:17Z" data-provider="getData" finished-at="2019-08-15T11:34:43Z">
          <params>
            <param index="0">
              <value>
                <![CDATA[testing@adolmedia.com]]>
              </value>
            </param>
            <param index="1">
              <value>
                <![CDATA[Adol@175]]>
              </value>
            </param>
            <param index="2">
              <value>
                <![CDATA[testing in Adol]]>
              </value>
            </param>
          </params>
          <exception class="org.openqa.selenium.NoSuchElementException">
            <message>
              <![CDATA[no such element: Unable to locate element: {"method":"css selector","selector":"#username"}
  (Session info: chrome=76.0.3809.100)
For documentation on this error, please visit: https://www.seleniumhq.org/exceptions/no_such_element.html
Build info: version: '3.141.59', revision: 'e82be7d358', time: '2018-11-14T08:17:03'
System info: host: 'DESKTOP-CP4RQU0', ip: '192.168.56.1', os.name: 'Windows 10', os.arch: 'amd64', os.version: '10.0', java.version: '1.8.0_221'
Driver info: org.openqa.selenium.chrome.ChromeDriver
Capabilities {acceptInsecureCerts: false, browserName: chrome, browserVersion: 76.0.3809.100, chrome: {chromedriverVersion: 75.0.3770.90 (a6dcaf7e3ec6f..., userDataDir: C:\Users\ADOL-S~1\AppData\L...}, goog:chromeOptions: {debuggerAddress: localhost:49488}, javascriptEnabled: true, networkConnectionEnabled: false, pageLoadStrategy: normal, platform: XP, platformName: XP, proxy: Proxy(), setWindowRect: true, strictFileInteractability: false, timeouts: {implicit: 0, pageLoad: 300000, script: 30000}, unhandledPromptBehavior: dismiss and notify}
Session ID: 549b6cda43369cbf4c4367ca2c77621f
*** Element info: {Using=id, value=username}]]>
            </message>
            <full-stacktrace>
              <![CDATA[org.openqa.selenium.NoSuchElementException: no such element: Unable to locate element: {"method":"css selector","selector":"#username"}
  (Session info: chrome=76.0.3809.100)
For documentation on this error, please visit: https://www.seleniumhq.org/exceptions/no_such_element.html
Build info: version: '3.141.59', revision: 'e82be7d358', time: '2018-11-14T08:17:03'
System info: host: 'DESKTOP-CP4RQU0', ip: '192.168.56.1', os.name: 'Windows 10', os.arch: 'amd64', os.version: '10.0', java.version: '1.8.0_221'
Driver info: org.openqa.selenium.chrome.ChromeDriver
Capabilities {acceptInsecureCerts: false, browserName: chrome, browserVersion: 76.0.3809.100, chrome: {chromedriverVersion: 75.0.3770.90 (a6dcaf7e3ec6f..., userDataDir: C:\Users\ADOL-S~1\AppData\L...}, goog:chromeOptions: {debuggerAddress: localhost:49488}, javascriptEnabled: true, networkConnectionEnabled: false, pageLoadStrategy: normal, platform: XP, platformName: XP, proxy: Proxy(), setWindowRect: true, strictFileInteractability: false, timeouts: {implicit: 0, pageLoad: 300000, script: 30000}, unhandledPromptBehavior: dismiss and notify}
Session ID: 549b6cda43369cbf4c4367ca2c77621f
*** Element info: {Using=id, value=username}
at sun.reflect.NativeConstructorAccessorImpl.newInstance0(Native Method)
at sun.reflect.NativeConstructorAccessorImpl.newInstance(Unknown Source)
at sun.reflect.DelegatingConstructorAccessorImpl.newInstance(Unknown Source)
at java.lang.reflect.Constructor.newInstance(Unknown Source)
at org.openqa.selenium.remote.http.W3CHttpResponseCodec.createException(W3CHttpResponseCodec.java:187)
at org.openqa.selenium.remote.http.W3CHttpResponseCodec.decode(W3CHttpResponseCodec.java:122)
at org.openqa.selenium.remote.http.W3CHttpResponseCodec.decode(W3CHttpResponseCodec.java:49)
at org.openqa.selenium.remote.HttpCommandExecutor.execute(HttpCommandExecutor.java:158)
at org.openqa.selenium.remote.service.DriverCommandExecutor.execute(DriverCommandExecutor.java:83)
at org.openqa.selenium.remote.RemoteWebDriver.execute(RemoteWebDriver.java:552)
at org.openqa.selenium.remote.RemoteWebDriver.findElement(RemoteWebDriver.java:323)
at org.openqa.selenium.remote.RemoteWebDriver.findElementById(RemoteWebDriver.java:372)
at org.openqa.selenium.By$ById.findElement(By.java:188)
at org.openqa.selenium.remote.RemoteWebDriver.findElement(RemoteWebDriver.java:315)
at PageObject.LoginDetails.getUsername(LoginDetails.java:20)
at Work.FailedLogin.basePageNavigation(FailedLogin.java:32)
at sun.reflect.NativeMethodAccessorImpl.invoke0(Native Method)
at sun.reflect.NativeMethodAccessorImpl.invoke(Unknown Source)
at sun.reflect.DelegatingMethodAccessorImpl.invoke(Unknown Source)
at java.lang.reflect.Method.invoke(Unknown Source)
at org.testng.internal.MethodInvocationHelper.invokeMethod(MethodInvocationHelper.java:124)
at org.testng.internal.Invoker.invokeMethod(Invoker.java:583)
at org.testng.internal.Invoker.invokeTestMethod(Invoker.java:719)
at org.testng.internal.Invoker.invokeTestMethods(Invoker.java:989)
at org.testng.internal.TestMethodWorker.invokeTestMethods(TestMethodWorker.java:125)
at org.testng.internal.TestMethodWorker.run(TestMethodWorker.java:109)
at org.testng.TestRunner.privateRun(TestRunner.java:648)
at org.testng.TestRunner.run(TestRunner.java:505)
at org.testng.SuiteRunner.runTest(SuiteRunner.java:455)
at org.testng.SuiteRunner.runSequentially(SuiteRunner.java:450)
at org.testng.SuiteRunner.privateRun(SuiteRunner.java:415)
at org.testng.SuiteRunner.run(SuiteRunner.java:364)
at org.testng.SuiteRunnerWorker.runSuite(SuiteRunnerWorker.java:52)
at org.testng.SuiteRunnerWorker.run(SuiteRunnerWorker.java:84)
at org.testng.TestNG.runSuitesSequentially(TestNG.java:1208)
at org.testng.TestNG.runSuitesLocally(TestNG.java:1137)
at org.testng.TestNG.runSuites(TestNG.java:1049)
at org.testng.TestNG.run(TestNG.java:1017)
at org.testng.remote.AbstractRemoteTestNG.run(AbstractRemoteTestNG.java:115)
at org.testng.remote.RemoteTestNG.initAndRun(RemoteTestNG.java:251)
at org.testng.remote.RemoteTestNG.main(RemoteTestNG.java:77)
]]>
            </full-stacktrace>
          </exception> <!-- org.openqa.selenium.NoSuchElementException -->
          <reporter-output>
          </reporter-output>
        </test-method> <!-- basePageNavigation -->
        <test-method status="PASS" signature="closeproj()[pri:0, instance:Work.FailedLogin@74455848]" name="closeproj" is-config="true" duration-ms="715" started-at="2019-08-15T11:34:43Z" finished-at="2019-08-15T11:34:44Z">
          <reporter-output>
          </reporter-output>
        </test-method> <!-- closeproj -->
      </class> <!-- Work.FailedLogin -->
    </test> <!-- Validating Invalid User Login -->
  </suite> <!-- Suite -->
</testng-results>
